TN:
SF:app.js
FN:17,(anonymous_0)
FN:18,(anonymous_1)
FNF:2
FNH:1
FNDA:2,(anonymous_0)
FNDA:0,(anonymous_1)
DA:1,2
DA:2,2
DA:3,2
DA:5,2
DA:6,2
DA:9,2
DA:13,2
DA:17,2
DA:18,0
DA:21,2
DA:22,2
DA:25,2
LF:12
LH:11
BRDA:6,0,0,2
BRDA:6,0,1,0
BRF:2
BRH:1
end_of_record
TN:
SF:models/contact.js
FNF:0
FNH:0
DA:1,3
DA:3,3
DA:11,3
LF:3
LH:3
BRF:0
BRH:0
end_of_record
TN:
SF:routes/contacts.js
FN:6,(anonymous_0)
FN:19,(anonymous_1)
FN:32,(anonymous_2)
FN:49,(anonymous_3)
FN:62,(anonymous_4)
FNF:5
FNH:4
FNDA:1,(anonymous_0)
FNDA:1,(anonymous_1)
FNDA:0,(anonymous_2)
FNDA:1,(anonymous_3)
FNDA:1,(anonymous_4)
DA:1,2
DA:2,2
DA:3,2
DA:6,2
DA:7,1
DA:8,1
DA:9,1
DA:10,0
DA:12,1
DA:14,0
DA:19,2
DA:20,1
DA:21,1
DA:22,1
DA:23,0
DA:25,1
DA:27,0
DA:32,2
DA:33,0
DA:40,0
DA:41,0
DA:42,0
DA:44,0
DA:49,2
DA:50,1
DA:51,1
DA:52,1
DA:53,0
DA:55,1
DA:57,0
DA:62,2
DA:63,1
DA:64,1
DA:65,1
DA:66,0
DA:68,1
DA:70,0
DA:74,2
LF:38
LH:25
BRDA:9,0,0,0
BRDA:9,0,1,1
BRDA:22,1,0,0
BRDA:22,1,1,1
BRDA:52,2,0,0
BRDA:52,2,1,1
BRDA:65,3,0,0
BRDA:65,3,1,1
BRF:8
BRH:4
end_of_record
